000 (19545446.007.000) 2025-02-28 19:04:54 Job submitted from host: <192.168.35.100:9618?addrs=192.168.35.100-9618&alias=kunpl&noUDP&sock=schedd_1898_72d7>
...
040 (19545446.007.000) 2025-02-28 19:05:03 Started transferring input files
	Transferring to host: <192.168.35.110:9618?addrs=192.168.35.110-9618&alias=kunpl-node10&noUDP&sock=slot1_1_1675788_feaa_54637>
...
040 (19545446.007.000) 2025-02-28 19:05:03 Finished transferring input files
...
001 (19545446.007.000) 2025-02-28 19:05:04 Job executing on host: <192.168.35.110:9618?addrs=192.168.35.110-9618&alias=kunpl-node10&noUDP&sock=startd_1675765_fbfc>
...
006 (19545446.007.000) 2025-02-28 19:05:05 Image size of job updated: 34488
	0  -  MemoryUsage of job (MB)
	0  -  ResidentSetSize of job (KB)
...
040 (19545446.007.000) 2025-02-28 19:05:05 Started transferring output files
...
040 (19545446.007.000) 2025-02-28 19:05:05 Finished transferring output files
...
005 (19545446.007.000) 2025-02-28 19:05:05 Job terminated.
	(1) Normal termination (return value 1)
		Usr 0 00:00:01, Sys 0 00:00:00  -  Run Remote Usage
		Usr 0 00:00:00, Sys 0 00:00:00  -  Run Local Usage
		Usr 0 00:00:01, Sys 0 00:00:00  -  Total Remote Usage
		Usr 0 00:00:00, Sys 0 00:00:00  -  Total Local Usage
	929  -  Run Bytes Sent By Job
	486  -  Run Bytes Received By Job
	929  -  Total Bytes Sent By Job
	486  -  Total Bytes Received By Job
	Partitionable Resources :    Usage  Request Allocated 
	   Cpus                 :                 1         1 
	   Disk (KB)            :       13        1    217903 
	   Memory (MB)          :        0        1       128 

	Job terminated of its own accord at 2025-02-28T10:05:05Z with exit-code 1.
...
