000 (19545446.000.000) 2025-02-28 19:04:54 Job submitted from host: <192.168.35.100:9618?addrs=192.168.35.100-9618&alias=kunpl&noUDP&sock=schedd_1898_72d7>
...
040 (19545446.000.000) 2025-02-28 19:05:03 Started transferring input files
	Transferring to host: <192.168.35.100:9618?addrs=192.168.35.100-9618&alias=kunpl&noUDP&sock=slot1_1_2511_f9ff_1762>
...
040 (19545446.000.000) 2025-02-28 19:05:03 Finished transferring input files
...
001 (19545446.000.000) 2025-02-28 19:05:04 Job executing on host: <192.168.35.100:9618?addrs=192.168.35.100-9618&alias=kunpl&noUDP&sock=startd_1898_72d7>
...
006 (19545446.000.000) 2025-02-28 19:05:04 Image size of job updated: 556
	1  -  MemoryUsage of job (MB)
	556  -  ResidentSetSize of job (KB)
...
040 (19545446.000.000) 2025-02-28 19:05:04 Started transferring output files
...
040 (19545446.000.000) 2025-02-28 19:05:04 Finished transferring output files
...
005 (19545446.000.000) 2025-02-28 19:05:04 Job terminated.
	(1) Normal termination (return value 1)
		Usr 0 00:00:00, Sys 0 00:00:00  -  Run Remote Usage
		Usr 0 00:00:00, Sys 0 00:00:00  -  Run Local Usage
		Usr 0 00:00:00, Sys 0 00:00:00  -  Total Remote Usage
		Usr 0 00:00:00, Sys 0 00:00:00  -  Total Local Usage
	929  -  Run Bytes Sent By Job
	486  -  Run Bytes Received By Job
	929  -  Total Bytes Sent By Job
	486  -  Total Bytes Received By Job
	Partitionable Resources :    Usage  Request Allocated 
	   Cpus                 :                 1         1 
	   Disk (KB)            :       12        1 111441881 
	   Memory (MB)          :        1        1         1 

	Job terminated of its own accord at 2025-02-28T10:05:04Z with exit-code 1.
...
